<?xml version="1.0" encoding="UTF-8"?>
<!-- Generated by org.testng.reporters.JUnitReportReporter -->
<testsuite skipped="0" hostname="d4d45001af8e" name="com.searchmodule.tests.SearchTest" tests="4" failures="0" timestamp="2021-01-03T11:23:20 GMT" time="19.614" errors="0">
  <testcase name="search" time="10.365" classname="com.searchmodule.tests.SearchTest"/>
  <system-out/>
  <testcase name="sayHello" time="0.001" classname="com.searchmodule.tests.SearchTest"/>
  <system-out/>
  <testcase name="search" time="9.246" classname="com.searchmodule.tests.SearchTest"/>
  <system-out/>
  <testcase name="sayHello" time="0.002" classname="com.searchmodule.tests.SearchTest"/>
  <system-out/>
</testsuite> <!-- com.searchmodule.tests.SearchTest -->
