<?xml version="1.0" encoding="UTF-8"?>
<!-- Generated by org.testng.reporters.JUnitReportReporter -->
<testsuite skipped="0" hostname="08d767db8af8" name="com.searchmodule.tests.SearchTest" tests="4" failures="0" timestamp="2021-01-02T11:34:26 GMT" time="10.142" errors="0">
  <testcase name="search" time="5.867" classname="com.searchmodule.tests.SearchTest"/>
  <system-out/>
  <testcase name="sayHello" time="0.002" classname="com.searchmodule.tests.SearchTest"/>
  <system-out/>
  <testcase name="sayHello" time="0.000" classname="com.searchmodule.tests.SearchTest"/>
  <system-out/>
  <testcase name="search" time="4.273" classname="com.searchmodule.tests.SearchTest"/>
  <system-out/>
</testsuite> <!-- com.searchmodule.tests.SearchTest -->
